7/18/2020 12:02:06 AM	This log contains information about the import schema operation into project 'WebPortalMainDB' on computer 'CAWLPC' by user 'User'.
7/18/2020 12:02:06 AM	Import of database schema has started.
7/18/2020 12:02:11 AM	Gathering database credentials
7/18/2020 12:02:11 AM	Gathering database options
7/18/2020 12:02:11 AM	Gathering generic database scoped configuration option
7/18/2020 12:02:11 AM	Gathering users
7/18/2020 12:02:11 AM	Gathering roles
7/18/2020 12:02:11 AM	Gathering application roles
7/18/2020 12:02:11 AM	Gathering role memberships
7/18/2020 12:02:11 AM	Gathering filegroups
7/18/2020 12:02:11 AM	Gathering full-text catalogs
7/18/2020 12:02:11 AM	Gathering assemblies
7/18/2020 12:02:11 AM	Gathering certificates
7/18/2020 12:02:11 AM	Gathering asymmetric keys
7/18/2020 12:02:11 AM	Gathering symmetric keys
7/18/2020 12:02:11 AM	Gathering encrypted symmetric keys
7/18/2020 12:02:11 AM	Gathering schemas
7/18/2020 12:02:11 AM	Gathering XML schema collections
7/18/2020 12:02:11 AM	Gathering user-defined data types
7/18/2020 12:02:11 AM	Gathering user-defined types
7/18/2020 12:02:11 AM	Gathering table types
7/18/2020 12:02:11 AM	Gathering unique keys for table types
7/18/2020 12:02:11 AM	Gathering primary keys for table types
7/18/2020 12:02:11 AM	Gathering indexes for table types
7/18/2020 12:02:12 AM	Gathering check constraints for table types
7/18/2020 12:02:12 AM	Gathering default constraints for table types
7/18/2020 12:02:12 AM	Gathering partition functions
7/18/2020 12:02:12 AM	Gathering partition schemes
7/18/2020 12:02:12 AM	Gathering functions
7/18/2020 12:02:12 AM	Gathering encrypted functions
7/18/2020 12:02:12 AM	Gathering aggregates
7/18/2020 12:02:12 AM	Gathering procedures
7/18/2020 12:02:12 AM	Gathering encrypted procedures
7/18/2020 12:02:12 AM	Gathering tables
7/18/2020 12:02:12 AM	Gathering primary keys
7/18/2020 12:02:12 AM	Gathering unique constraints
7/18/2020 12:02:12 AM	Gathering foreign keys
7/18/2020 12:02:12 AM	Gathering default constraints
7/18/2020 12:02:12 AM	Gathering check constraints
7/18/2020 12:02:12 AM	Gathering views
7/18/2020 12:02:12 AM	Gathering encrypted views
7/18/2020 12:02:12 AM	Gathering indexes
7/18/2020 12:02:12 AM	Gathering statistics
7/18/2020 12:02:12 AM	Gathering full-text index stoplists
7/18/2020 12:02:12 AM	Gathering search property lists
7/18/2020 12:02:12 AM	Gathering search properties
7/18/2020 12:02:12 AM	Gathering full-text indexes
7/18/2020 12:02:12 AM	Gathering column store indexes
7/18/2020 12:02:12 AM	Gathering spatial indexes
7/18/2020 12:02:12 AM	Gathering XML indexes
7/18/2020 12:02:12 AM	Gathering Selective XML indexes
7/18/2020 12:02:12 AM	Gathering encrypted triggers
7/18/2020 12:02:12 AM	Gathering triggers
7/18/2020 12:02:12 AM	Gathering encrypted and clr ddl triggers
7/18/2020 12:02:12 AM	Gathering ddl triggers
7/18/2020 12:02:12 AM	Creating edge constraints
7/18/2020 12:02:12 AM	Gathering synonyms
7/18/2020 12:02:12 AM	Gathering defaults
7/18/2020 12:02:12 AM	Gathering data constraint uddt bindings
7/18/2020 12:02:12 AM	Gathering rules
7/18/2020 12:02:12 AM	Gathering data constraint uddt bindings
7/18/2020 12:02:12 AM	Gathering message types
7/18/2020 12:02:12 AM	Gathering queues
7/18/2020 12:02:12 AM	Gathering contracts
7/18/2020 12:02:12 AM	Gathering services
7/18/2020 12:02:12 AM	Gathering event notifications
7/18/2020 12:02:12 AM	Gathering remote service bindings
7/18/2020 12:02:12 AM	Gathering broker priorities
7/18/2020 12:02:12 AM	Gathering signatures
7/18/2020 12:02:12 AM	Gathering data compression options
7/18/2020 12:02:12 AM	Gathering sequence types
7/18/2020 12:02:12 AM	Gathering security policies
7/18/2020 12:02:12 AM	Gather column encryption keys
7/18/2020 12:02:12 AM	Gathering column master keys
7/18/2020 12:02:12 AM	Gathering external data sources
7/18/2020 12:02:12 AM	Gathering external file formats
7/18/2020 12:02:12 AM	Gathering external tables
7/18/2020 12:02:12 AM	Gathering extended properties
7/18/2020 12:02:12 AM	Gathering credentials
7/18/2020 12:02:13 AM	Gathering logins
7/18/2020 12:02:13 AM	Gathering server audits
7/18/2020 12:02:13 AM	Scanning project for duplicate elements
7/18/2020 12:02:13 AM	Finished duplicate element processing
7/18/2020 12:02:16 AM	Finished importing database.
7/18/2020 12:02:16 AM	A summary of the import was saved to the following location: D:\Projects\WebPortal\Database\WebPortalMainDB\Import Schema Logs\WebPortalMainDB_20200718070206.log
7/18/2020 12:02:16 AM	Click Finish to continue...
